TN:
SF:/home/griffin/projects/poker-refactor/src/card/suit.rs
FN:12,<impl Display for Suit>::fmt
FNF:1
FNDA:1,<impl Display for Suit>::fmt
DA:12,1
DA:13,1
DA:14,1
DA:15,1
DA:16,1
DA:17,1
LF:6
LH:6
end_of_record
TN:
SF:/home/griffin/projects/poker-refactor/src/card/value.rs
FN:21,Value::numeric_value
FN:41,<impl Display for Value>::fmt
FN:71,<impl PartialOrd for Value>::partial_cmp
FN:77,<impl Ord for Value>::cmp
FNF:4
FNDA:9,Value::numeric_value
FNDA:0,<impl Display for Value>::fmt
FNDA:0,<impl PartialOrd for Value>::partial_cmp
FNDA:9,<impl Ord for Value>::cmp
DA:21,9
DA:22,1
DA:23,6
DA:24,1
DA:25,1
DA:26,1
DA:27,1
DA:28,1
DA:29,1
DA:30,1
DA:31,1
DA:32,1
DA:33,1
DA:34,1
DA:35,1
DA:41,0
DA:42,0
DA:43,0
DA:44,0
DA:45,0
DA:46,0
DA:47,0
DA:48,0
DA:49,0
DA:50,0
DA:51,0
DA:52,0
DA:53,0
DA:54,0
DA:55,0
DA:71,0
DA:72,0
DA:77,9
DA:78,1
LF:34
LH:17
end_of_record
TN:
SF:/home/griffin/projects/poker-refactor/src/card.rs
FN:16,Card::new
FN:20,Card::numeric_value
FNF:2
FNDA:5,Card::new
FNDA:1,Card::numeric_value
DA:16,5
DA:20,1
DA:21,1
DA:35,0
DA:36,0
DA:43,0
DA:44,0
DA:49,1
DA:50,9
DA:55,0
DA:56,0
LF:11
LH:5
end_of_record
TN:
SF:/home/griffin/projects/poker-refactor/src/deck.rs
FN:11,Deck::new
FNF:1
FNDA:1,Deck::new
DA:11,1
DA:12,1
DA:14,3
DA:15,4
DA:30,4
DA:33,3
LF:6
LH:6
end_of_record
TN:
SF:/home/griffin/projects/poker-refactor/src/hand/hand_type.rs
FN:44,HandType::hand_value
FN:77,<impl PartialEq for HandType>::eq
FN:85,<impl PartialOrd for HandType>::partial_cmp
FN:91,<impl Ord for HandType>::cmp
FNF:4
FNDA:1,HandType::hand_value
FNDA:1,<impl PartialEq for HandType>::eq
FNDA:0,<impl PartialOrd for HandType>::partial_cmp
FNDA:1,<impl Ord for HandType>::cmp
DA:44,1
DA:45,1
DA:46,1
DA:47,1
DA:48,1
DA:52,1
DA:56,1
DA:57,1
DA:58,1
DA:62,1
DA:67,1
DA:71,1
DA:77,1
DA:78,1
DA:85,0
DA:86,0
DA:91,1
DA:92,1
DA:93,1
DA:94,0
DA:99,0
DA:109,0
DA:119,1
DA:120,1
DA:123,0
DA:125,0
DA:136,0
DA:147,0
DA:149,0
DA:152,1
LF:30
LH:20
end_of_record
TN:
SF:/home/griffin/projects/poker-refactor/src/hand.rs
FN:23,Hand::from
FN:37,Hand::is_flush
FN:50,Hand::is_straight
FN:72,Hand::check_pairs
FN:130,Hand::determine_hand
FN:159,Hand::set_hand
FN:162,Hand::get_hand
FN:166,Hand::mut_hand
FN:170,Hand::draw_card
FN:181,<impl Default for Hand>::default
FN:191,<impl PartialEq for Hand>::eq
FN:199,<impl PartialOrd for Hand>::partial_cmp
FN:205,<impl Ord for Hand>::cmp
FNF:13
FNDA:2,Hand::from
FNDA:9,Hand::is_flush
FNDA:10,Hand::is_straight
FNDA:1,Hand::check_pairs
FNDA:6,Hand::determine_hand
FNDA:1,Hand::set_hand
FNDA:1,Hand::get_hand
FNDA:1,Hand::mut_hand
FNDA:1,Hand::draw_card
FNDA:1,<impl Default for Hand>::default
FNDA:0,<impl PartialEq for Hand>::eq
FNDA:0,<impl PartialOrd for Hand>::partial_cmp
FNDA:0,<impl Ord for Hand>::cmp
DA:23,2
DA:25,5
DA:27,8
DA:29,33
DA:30,1
DA:37,9
DA:38,9
DA:39,0
DA:41,9
DA:42,30
DA:43,10
DA:44,3
DA:47,7
DA:50,10
DA:51,10
DA:52,10
DA:54,25
DA:56,14
DA:57,3
DA:58,1
DA:59,0
DA:62,1
DA:64,10
DA:65,9
DA:66,4
DA:69,1
DA:72,1
DA:73,1
DA:74,3
DA:75,2
DA:77,3
DA:78,1
DA:79,2
DA:80,1
DA:82,1
DA:83,1
DA:84,1
DA:89,1
DA:90,3
DA:91,2
DA:92,1
DA:93,1
DA:94,1
DA:98,1
DA:99,1
DA:100,4
DA:104,1
DA:105,2
DA:106,1
DA:107,0
DA:108,0
DA:109,0
DA:111,1
DA:112,1
DA:113,1
DA:114,1
DA:115,4
DA:119,1
DA:120,1
DA:121,4
DA:126,4
DA:130,6
DA:131,9
DA:132,6
DA:133,7
DA:134,8
DA:135,7
DA:136,1
DA:137,1
DA:139,1
DA:140,1
DA:144,3
DA:145,7
DA:148,3
DA:149,1
DA:150,1
DA:153,1
DA:159,1
DA:160,2
DA:162,1
DA:163,1
DA:166,1
DA:170,1
DA:171,1
DA:172,1
DA:174,2
DA:175,2
DA:181,1
DA:183,1
DA:191,0
DA:192,0
DA:199,0
DA:200,0
DA:205,0
DA:206,0
LF:95
LH:84
end_of_record
TN:
SF:/home/griffin/projects/poker-refactor/src/main.rs
FN:11,main
FNF:1
FNDA:0,main
DA:11,0
DA:12,0
DA:13,0
DA:14,0
DA:15,0
DA:16,0
DA:17,0
DA:19,0
DA:20,0
DA:21,0
DA:22,0
DA:24,0
DA:25,0
DA:26,0
DA:27,0
DA:29,0
DA:30,0
DA:31,0
DA:32,0
DA:33,0
LF:20
LH:0
end_of_record
TN:
SF:/home/griffin/projects/poker-refactor/src/player.rs
FN:12,<impl Default for Player>::default
FN:22,Player::new
FN:31,Player::get_hand
FN:35,Player::mut_hand
FN:39,Player::discard_cards
FN:47,Player::draw_card
FN:51,Player::mut_stack
FN:55,Player::up_stack
FN:59,Player::down_stack
FN:67,Player::get_stack
FN:71,Player::is_all_in
FN:77,<impl PartialEq for Player>::eq
FN:85,<impl PartialOrd for Player>::partial_cmp
FN:91,<impl Ord for Player>::cmp
FNF:14
FNDA:2,<impl Default for Player>::default
FNDA:2,Player::new
FNDA:1,Player::get_hand
FNDA:1,Player::mut_hand
FNDA:1,Player::discard_cards
FNDA:1,Player::draw_card
FNDA:0,Player::mut_stack
FNDA:1,Player::up_stack
FNDA:1,Player::down_stack
FNDA:1,Player::get_stack
FNDA:0,Player::is_all_in
FNDA:0,<impl PartialEq for Player>::eq
FNDA:0,<impl PartialOrd for Player>::partial_cmp
FNDA:0,<impl Ord for Player>::cmp
DA:12,2
DA:14,3
DA:22,2
DA:24,2
DA:31,1
DA:35,1
DA:39,1
DA:40,1
DA:41,1
DA:42,2
DA:43,1
DA:47,1
DA:48,1
DA:51,0
DA:52,0
DA:55,1
DA:56,1
DA:59,1
DA:60,1
DA:61,0
DA:63,2
DA:64,1
DA:67,1
DA:68,1
DA:71,0
DA:72,0
DA:77,0
DA:78,0
DA:85,0
DA:86,0
DA:91,0
DA:92,0
LF:32
LH:21
end_of_record
TN:
SF:/home/griffin/projects/poker-refactor/src/table/table_stages.rs
FN:11,TableStage::get_next
FNF:1
FNDA:1,TableStage::get_next
DA:11,1
DA:12,1
DA:13,1
DA:14,1
DA:15,1
DA:16,1
DA:17,1
LF:7
LH:7
end_of_record
TN:
SF:/home/griffin/projects/poker-refactor/src/table.rs
FN:26,<impl Default for Table>::default
FN:47,Table::new
FN:66,Table::deal_cards
FN:76,Table::get_dealer
FN:79,Table::move_dealer
FN:82,Table::increase_blinds
FN:85,Table::get_small_blind
FN:88,Table::get_big_blind
FN:91,Table::mut_small_blind
FN:94,Table::mut_big_blind
FN:97,Table::next_player
FN:101,Table::create_bet_array
FN:105,Table::get_highest_bet
FN:118,Table::get_possible_actions
FN:155,Table::handle_input
FN:239,Table::handle_bets
FN:338,Table::determine_hand_order
FN:396,Table::distribute_winnings
FN:427,Table::get_current_player
FN:432,Table::current_player_bet
FN:436,Table::new_hand
FNF:21
FNDA:1,<impl Default for Table>::default
FNDA:1,Table::new
FNDA:1,Table::deal_cards
FNDA:0,Table::get_dealer
FNDA:0,Table::move_dealer
FNDA:1,Table::increase_blinds
FNDA:0,Table::get_small_blind
FNDA:0,Table::get_big_blind
FNDA:0,Table::mut_small_blind
FNDA:0,Table::mut_big_blind
FNDA:0,Table::next_player
FNDA:1,Table::create_bet_array
FNDA:1,Table::get_highest_bet
FNDA:1,Table::get_possible_actions
FNDA:1,Table::handle_input
FNDA:0,Table::handle_bets
FNDA:1,Table::determine_hand_order
FNDA:1,Table::distribute_winnings
FNDA:1,Table::get_current_player
FNDA:1,Table::current_player_bet
FNDA:0,Table::new_hand
DA:26,1
DA:28,1
DA:29,1
DA:36,1
DA:47,1
DA:48,1
DA:50,7
DA:51,6
DA:56,3
DA:63,1
DA:66,1
DA:67,2
DA:68,1
DA:72,2
DA:73,2
DA:76,0
DA:77,0
DA:79,0
DA:80,0
DA:82,1
DA:83,1
DA:85,0
DA:86,0
DA:88,0
DA:89,0
DA:91,0
DA:92,0
DA:94,0
DA:95,0
DA:97,0
DA:98,0
DA:99,0
DA:101,1
DA:102,3
DA:105,1
DA:106,1
DA:108,2
DA:109,4
DA:110,1
DA:111,1
DA:113,0
DA:118,1
DA:119,1
DA:120,2
DA:121,1
DA:122,2
DA:123,1
DA:125,1
DA:126,2
DA:127,1
DA:128,1
DA:129,1
DA:130,1
DA:132,1
DA:133,1
DA:135,2
DA:136,1
DA:137,1
DA:138,1
DA:139,1
DA:143,2
DA:145,0
DA:146,0
DA:150,0
DA:151,0
DA:155,1
DA:160,2
DA:161,1
DA:162,2
DA:164,1
DA:165,1
DA:166,1
DA:168,2
DA:171,1
DA:174,1
DA:175,1
DA:176,2
DA:177,1
DA:179,0
DA:183,1
DA:184,1
DA:185,1
DA:186,1
DA:187,1
DA:188,3
DA:189,4
DA:190,1
DA:192,1
DA:193,0
DA:194,2
DA:195,2
DA:199,1
DA:200,0
DA:201,0
DA:203,0
DA:205,0
DA:209,1
DA:213,1
DA:214,1
DA:215,1
DA:216,3
DA:217,2
DA:218,1
DA:220,2
DA:221,1
DA:223,0
DA:227,1
DA:228,1
DA:229,1
DA:234,0
DA:236,1
DA:239,0
DA:241,0
DA:243,0
DA:244,0
DA:246,0
DA:247,0
DA:253,0
DA:255,0
DA:256,0
DA:258,0
DA:259,0
DA:262,0
DA:263,0
DA:264,0
DA:266,0
DA:270,0
DA:271,0
DA:272,0
DA:273,0
DA:274,0
DA:275,0
DA:276,0
DA:278,0
DA:279,0
DA:280,0
DA:281,0
DA:282,0
DA:283,0
DA:284,0
DA:285,0
DA:287,0
DA:293,0
DA:294,0
DA:295,0
DA:296,0
DA:297,0
DA:298,0
DA:300,0
DA:301,0
DA:303,0
DA:307,0
DA:308,0
DA:313,0
DA:324,0
DA:325,0
DA:326,0
DA:338,1
DA:339,1
DA:341,2
DA:345,1
DA:346,1
DA:347,2
DA:348,1
DA:349,2
DA:353,1
DA:354,3
DA:355,2
DA:356,0
DA:357,0
DA:358,0
DA:361,2
DA:366,3
DA:367,1
DA:368,1
DA:369,4
DA:370,3
DA:373,1
DA:375,1
DA:376,1
DA:377,2
DA:380,2
DA:385,1
DA:387,0
DA:396,1
DA:402,2
DA:403,1
DA:404,1
DA:405,2
DA:427,1
DA:428,1
DA:432,1
DA:433,1
DA:436,0
DA:437,0
DA:438,0
DA:440,0
DA:441,0
DA:442,0
DA:443,0
DA:445,0
DA:446,0
LF:202
LH:115
end_of_record
